{"total": {"lines":{"total":28,"covered":22,"skipped":0,"pct":78.57},"statements":{"total":28,"covered":22,"skipped":0,"pct":78.57},"functions":{"total":5,"covered":2,"skipped":0,"pct":40},"branches":{"total":7,"covered":1,"skipped":0,"pct":14.28},"branchesTrue":{"total":0,"covered":0,"skipped":0,"pct":100}}
,"/Users/dakotasolis/www/portfolio/src/components/sections/HeroSection.vue": {"lines":{"total":17,"covered":17,"skipped":0,"pct":100},"functions":{"total":1,"covered":1,"skipped":0,"pct":100},"statements":{"total":17,"covered":17,"skipped":0,"pct":100},"branches":{"total":0,"covered":0,"skipped":0,"pct":100}}
,"/Users/dakotasolis/www/portfolio/src/composables/useElementInView.js": {"lines":{"total":11,"covered":5,"skipped":0,"pct":45.45},"functions":{"total":4,"covered":1,"skipped":0,"pct":25},"statements":{"total":11,"covered":5,"skipped":0,"pct":45.45},"branches":{"total":7,"covered":1,"skipped":0,"pct":14.28}}
}
